<?xml version="1.0" encoding="UTF-8"?>
<testsuite name="com.kodilla.stream.WorldTestSuite" tests="1" skipped="0" failures="0" errors="0" timestamp="2018-11-29T19:31:53" hostname="DESKTOP-N7VICJ9" time="0.003">
  <properties/>
  <testcase name="getPeopleQuantity" classname="com.kodilla.stream.WorldTestSuite" time="0.003"/>
  <system-out><![CDATA[]]></system-out>
  <system-err><![CDATA[]]></system-err>
</testsuite>
