<?xml version="1.0" encoding="UTF-8"?>
<testsuite name="com.kodilla.stream.array.ArrayOperationsTestSuite" tests="2" skipped="0" failures="0" errors="0" timestamp="2019-01-05T16:13:14" hostname="DESKTOP-N7VICJ9" time="0.011">
  <properties/>
  <testcase name="testEmptyArray" classname="com.kodilla.stream.array.ArrayOperationsTestSuite" time="0.001"/>
  <testcase name="testGetAverage" classname="com.kodilla.stream.array.ArrayOperationsTestSuite" time="0.01"/>
  <system-out><![CDATA[2
3
4
5
]]></system-out>
  <system-err><![CDATA[]]></system-err>
</testsuite>
