<?xml version="1.0" encoding="UTF-8"?>
<testsuite name="com.kodilla.stream.portfolio.BoardTestSuite" tests="5" skipped="0" failures="0" errors="0" timestamp="2019-01-05T16:13:15" hostname="DESKTOP-N7VICJ9" time="0.034">
  <properties/>
  <testcase name="testAddTaskList" classname="com.kodilla.stream.portfolio.BoardTestSuite" time="0.019"/>
  <testcase name="testAddTaskListAverageWorkingOnTask" classname="com.kodilla.stream.portfolio.BoardTestSuite" time="0.009"/>
  <testcase name="testAddTaskListFindUsersTasks" classname="com.kodilla.stream.portfolio.BoardTestSuite" time="0.001"/>
  <testcase name="testAddTaskListFindLongTasks" classname="com.kodilla.stream.portfolio.BoardTestSuite" time="0.003"/>
  <testcase name="testAddTaskListFindOutdatedTasks" classname="com.kodilla.stream.portfolio.BoardTestSuite" time="0.001"/>
  <system-out><![CDATA[]]></system-out>
  <system-err><![CDATA[]]></system-err>
</testsuite>
