<?xml version="1.0" encoding="UTF-8"?>
<testsuite name="com.kodilla.testing.forum.tdd.ShapeCollectorTestSuite" tests="4" skipped="0" failures="0" errors="0" timestamp="2019-02-27T17:41:16" hostname="DESKTOP-N7VICJ9" time="0.004">
  <properties/>
  <testcase name="testShowFigure" classname="com.kodilla.testing.forum.tdd.ShapeCollectorTestSuite" time="0.001"/>
  <testcase name="testRemoveFigure" classname="com.kodilla.testing.forum.tdd.ShapeCollectorTestSuite" time="0.0"/>
  <testcase name="testAddFigure" classname="com.kodilla.testing.forum.tdd.ShapeCollectorTestSuite" time="0.001"/>
  <testcase name="TestGetFigure" classname="com.kodilla.testing.forum.tdd.ShapeCollectorTestSuite" time="0.001"/>
  <system-out><![CDATA[Test Suite: begin
Test Case: begin
Test Case: end
Test Case: begin
Test Case: end
Test Case: begin
Test Case: end
Test Case: begin
Test Case: end
Test Suite: end
]]></system-out>
  <system-err><![CDATA[]]></system-err>
</testsuite>
