<?xml version="1.0" encoding="UTF-8"?>
<testsuite name="com.kodilla.testing.collection.CollectionTestSuite" tests="2" skipped="0" failures="0" errors="0" timestamp="2018-09-22T18:31:58" hostname="DESKTOP-N7VICJ9" time="0.004">
  <properties/>
  <testcase name="testOddNumbersExterminatorEmptyList" classname="com.kodilla.testing.collection.CollectionTestSuite" time="0.003"/>
  <testcase name="testOddNumbersExterminatorNormalList" classname="com.kodilla.testing.collection.CollectionTestSuite" time="0.001"/>
  <system-out><![CDATA[Test Case: begin
Testing empty list
Test Case: end
Test Case: begin
Testing normal list
Test Case: end
]]></system-out>
  <system-err><![CDATA[]]></system-err>
</testsuite>
