<?xml version="1.0" encoding="UTF-8"?>
<testsuite name="com.kodilla.testing.weather.stub.mock.WeatherForecastTestSuite" tests="1" skipped="0" failures="0" errors="0" timestamp="2018-10-22T19:21:19" hostname="DESKTOP-N7VICJ9" time="0.004">
  <properties/>
  <testcase name="testCalculateForecastWithMock" classname="com.kodilla.testing.weather.stub.mock.WeatherForecastTestSuite" time="0.004"/>
  <system-out><![CDATA[]]></system-out>
  <system-err><![CDATA[]]></system-err>
</testsuite>
