<?xml version="1.0" encoding="UTF-8"?>
<testsuite name="com.kodilla.testing.weather.stub.mock.WeatherForecastTestSuite" tests="1" skipped="0" failures="0" errors="0" timestamp="2019-01-05T16:13:16" hostname="DESKTOP-N7VICJ9" time="0.003">
  <properties/>
  <testcase name="testCalculateForecastWithMock" classname="com.kodilla.testing.weather.stub.mock.WeatherForecastTestSuite" time="0.003"/>
  <system-out><![CDATA[]]></system-out>
  <system-err><![CDATA[]]></system-err>
</testsuite>
