<?xml version="1.0" encoding="UTF-8"?>
<testsuite name="com.kodilla.patterns.builder.bigmac.BigmacTestSuite" tests="1" skipped="0" failures="0" errors="0" timestamp="2018-11-29T19:31:51" hostname="DESKTOP-N7VICJ9" time="0.008">
  <properties/>
  <testcase name="testBurgerNew" classname="com.kodilla.patterns.builder.bigmac.BigmacTestSuite" time="0.008"/>
  <system-out><![CDATA[Bigmac{bun=WITH_SEZAME, burgers=2, sauce=STANDARD, ingredients=[BACON, ONION]}
]]></system-out>
  <system-err><![CDATA[]]></system-err>
</testsuite>
