<?xml version="1.0" encoding="UTF-8"?>
<testsuite name="com.kodilla.patterns.strategy.social.UserTestSuite" tests="2" skipped="0" failures="0" errors="0" timestamp="2019-02-27T19:42:14" hostname="DESKTOP-N7VICJ9" time="0.003">
  <properties/>
  <testcase name="testDefaultSharingStrategies" classname="com.kodilla.patterns.strategy.social.UserTestSuite" time="0.002"/>
  <testcase name="testIndividualSharingStrategy" classname="com.kodilla.patterns.strategy.social.UserTestSuite" time="0.0"/>
  <system-out><![CDATA[Jarek preferred communication channel - Facebook
Darek preferred communication channel - Snapchat
Arek preferred communication channel - Twitter

Jarek preferred communication channel - Facebook
Jarek now prefer preferred communication channel - Twitter
]]></system-out>
  <system-err><![CDATA[]]></system-err>
</testsuite>
