<?xml version="1.0" encoding="UTF-8"?>
<testsuite name="com.kodilla.patterns.prototype.library.LibraryTestSuite" tests="1" skipped="0" failures="0" errors="0" timestamp="2018-11-29T19:31:51" hostname="DESKTOP-N7VICJ9" time="0.004">
  <properties/>
  <testcase name="testGetBooks" classname="com.kodilla.patterns.prototype.library.LibraryTestSuite" time="0.004"/>
  <system-out><![CDATA[Library{name='possible to borrow', books=[Book{title='Pan Tadeusz', author='Adam Mickiewicz', publicationDate=1834-06-28}, Book{title='Dziady', author='Adam Mickiewicz', publicationDate=1822-08-06}, Book{title='Sonety krymskie', author='Adam Mickiewicz', publicationDate=1825-08-06}]}
]]></system-out>
  <system-err><![CDATA[]]></system-err>
</testsuite>
