<?xml version="1.0" encoding="UTF-8"?>
<testsuite name="testFood2Door.DistriburotTest" tests="2" skipped="0" failures="0" errors="0" timestamp="2019-02-27T19:34:15" hostname="DESKTOP-N7VICJ9" time="0.007">
  <properties/>
  <testcase name="testOrder" classname="testFood2Door.DistriburotTest" time="0.006"/>
  <testcase name="testAddNewDistributor" classname="testFood2Door.DistriburotTest" time="0.001"/>
  <system-out><![CDATA[Actual Distibutor
[Distributor{nameCompany='ExtraFoodShop', product='Extra Fish', quantity=150}, Distributor{nameCompany='HealthyShop', product='Healthy Bread', quantity=100}, Distributor{nameCompany='GlutenFreeShop', product='Water Free Gluten ', quantity=250}]
Actual Distibutor
[Distributor{nameCompany='ExtraFoodShop', product='Extra Fish', quantity=150}, Distributor{nameCompany='HealthyShop', product='Healthy Bread', quantity=100}, Distributor{nameCompany='GlutenFreeShop', product='Water Free Gluten ', quantity=250}]
new Distributor
[Distributor{nameCompany='NoMeatInMeat', product='Free Meat', quantity=50}, Distributor{nameCompany='Danonki', product='Danio', quantity=50}, Distributor{nameCompany='McDownald', product='McBurger', quantity=50}]
]]></system-out>
  <system-err><![CDATA[]]></system-err>
</testsuite>
