<?xml version="1.0" encoding="UTF-8"?>
<testsuite name="flyAway.TestSuit" tests="3" skipped="0" failures="0" errors="0" timestamp="2018-10-22T19:21:16" hostname="DESKTOP-N7VICJ9" time="0.011">
  <properties/>
  <testcase name="test" classname="flyAway.TestSuit" time="0.009"/>
  <testcase name="test2" classname="flyAway.TestSuit" time="0.0"/>
  <testcase name="test3" classname="flyAway.TestSuit" time="0.001"/>
  <system-out><![CDATA[]]></system-out>
  <system-err><![CDATA[]]></system-err>
</testsuite>
