<?xml version="1.0" encoding="UTF-8"?>
<testsuite name="flyAway.TestSuit" tests="3" skipped="0" failures="0" errors="0" timestamp="2019-02-27T19:34:15" hostname="DESKTOP-N7VICJ9" time="0.01">
  <properties/>
  <testcase name="testFindFromFlightCity" classname="flyAway.TestSuit" time="0.009"/>
  <testcase name="testFindToFlightCity" classname="flyAway.TestSuit" time="0.0"/>
  <testcase name="testFindByFlightCity" classname="flyAway.TestSuit" time="0.0"/>
  <system-out><![CDATA[]]></system-out>
  <system-err><![CDATA[]]></system-err>
</testsuite>
