<?xml version="1.0" encoding="UTF-8"?>
<testsuite name="flyAway.TestSuit" tests="3" skipped="0" failures="0" errors="0" timestamp="2018-10-23T21:04:32" hostname="DESKTOP-N7VICJ9" time="0.011">
  <properties/>
  <testcase name="testFindFromFlightCity" classname="flyAway.TestSuit" time="0.01"/>
  <testcase name="testFindToFlightCity" classname="flyAway.TestSuit" time="0.001"/>
  <testcase name="testFindByFlightCity" classname="flyAway.TestSuit" time="0.0"/>
  <system-out><![CDATA[]]></system-out>
  <system-err><![CDATA[]]></system-err>
</testsuite>
