<?xml version="1.0" encoding="UTF-8"?>
<testsuite name="com.kodilla.jdbc.StoredProcTestSuite" tests="2" skipped="0" failures="0" errors="0" timestamp="2019-02-27T17:41:05" hostname="DESKTOP-N7VICJ9" time="0.16">
  <properties/>
  <testcase name="testUpdateBestsellers" classname="com.kodilla.jdbc.StoredProcTestSuite" time="0.117"/>
  <testcase name="testUpdateVipLevels" classname="com.kodilla.jdbc.StoredProcTestSuite" time="0.042"/>
  <system-out><![CDATA[]]></system-out>
  <system-err><![CDATA[lut 27, 2019 6:41:04 PM org.springframework.test.context.support.DefaultTestContextBootstrapper buildDefaultMergedContextConfiguration
INFO: Neither @ContextConfiguration nor @ContextHierarchy found for test class [com.kodilla.jdbc.StoredProcTestSuite], using DelegatingSmartContextLoader
lut 27, 2019 6:41:04 PM org.springframework.test.context.support.AbstractContextLoader generateDefaultLocations
INFO: Could not detect default resource locations for test class [com.kodilla.jdbc.StoredProcTestSuite]: no resource found for suffixes {-context.xml}.
lut 27, 2019 6:41:04 PM org.springframework.test.context.support.AnnotationConfigContextLoaderUtils detectDefaultConfigurationClasses
INFO: Could not detect default configuration classes for test class [com.kodilla.jdbc.StoredProcTestSuite]: StoredProcTestSuite does not declare any static, non-private, non-final, nested classes annotated with @Configuration.
lut 27, 2019 6:41:05 PM org.springframework.test.context.support.DefaultTestContextBootstrapper getDefaultTestExecutionListenerClassNames
INFO: Loaded default TestExecutionListener class names from location [META-INF/spring.factories]: [org.springframework.boot.test.autoconfigure.restdocs.RestDocsTestExecutionListener, org.springframework.boot.test.autoconfigure.web.client.MockRestServiceServerResetTestExecutionListener, org.springframework.boot.test.autoconfigure.web.servlet.MockMvcPrintOnlyOnFailureTestExecutionListener, org.springframework.boot.test.autoconfigure.web.servlet.WebDriverTestExecutionListener, org.springframework.boot.test.mock.mockito.MockitoTestExecutionListener, org.springframework.boot.test.mock.mockito.ResetMocksTestExecutionListener, org.springframework.test.context.web.ServletTestExecutionListener, org.springframework.test.context.support.DirtiesContextBeforeModesTestExecutionListener, org.springframework.test.context.support.DependencyInjectionTestExecutionListener, org.springframework.test.context.support.DirtiesContextTestExecutionListener, org.springframework.test.context.transaction.TransactionalTestExecutionListener, org.springframework.test.context.jdbc.SqlScriptsTestExecutionListener]
lut 27, 2019 6:41:05 PM org.springframework.test.context.support.DefaultTestContextBootstrapper getTestExecutionListeners
INFO: Using TestExecutionListeners: [org.springframework.test.context.support.DirtiesContextBeforeModesTestExecutionListener@71555fd1, org.springframework.boot.test.mock.mockito.MockitoTestExecutionListener@205b3300, org.springframework.test.context.support.DependencyInjectionTestExecutionListener@4eba724a, org.springframework.test.context.support.DirtiesContextTestExecutionListener@71399c2d, org.springframework.boot.test.autoconfigure.restdocs.RestDocsTestExecutionListener@2ac9ee0c, org.springframework.boot.test.autoconfigure.web.client.MockRestServiceServerResetTestExecutionListener@53731b66, org.springframework.boot.test.autoconfigure.web.servlet.MockMvcPrintOnlyOnFailureTestExecutionListener@4ec61b60, org.springframework.boot.test.autoconfigure.web.servlet.WebDriverTestExecutionListener@73a32e61, org.springframework.boot.test.mock.mockito.ResetMocksTestExecutionListener@167f1797]
lut 27, 2019 6:41:05 PM org.springframework.context.support.GenericApplicationContext prepareRefresh
INFO: Refreshing org.springframework.context.support.GenericApplicationContext@5f7a1c03: startup date [Wed Feb 27 18:41:05 CET 2019]; root of context hierarchy
]]></system-err>
</testsuite>
