<?xml version="1.0" encoding="UTF-8"?>
<testsuite name="com.kodilla.jdbc.StoredProcTestSuite" tests="2" skipped="0" failures="0" errors="0" timestamp="2019-02-25T17:42:53" hostname="DESKTOP-N7VICJ9" time="0.453">
  <properties/>
  <testcase name="testUpdateBestsellers" classname="com.kodilla.jdbc.StoredProcTestSuite" time="0.341"/>
  <testcase name="testUpdateVipLevels" classname="com.kodilla.jdbc.StoredProcTestSuite" time="0.111"/>
  <system-out><![CDATA[]]></system-out>
  <system-err><![CDATA[lut 25, 2019 6:42:53 PM org.springframework.test.context.support.DefaultTestContextBootstrapper buildDefaultMergedContextConfiguration
INFO: Neither @ContextConfiguration nor @ContextHierarchy found for test class [com.kodilla.jdbc.StoredProcTestSuite], using DelegatingSmartContextLoader
lut 25, 2019 6:42:53 PM org.springframework.test.context.support.AbstractContextLoader generateDefaultLocations
INFO: Could not detect default resource locations for test class [com.kodilla.jdbc.StoredProcTestSuite]: no resource found for suffixes {-context.xml}.
lut 25, 2019 6:42:53 PM org.springframework.test.context.support.AnnotationConfigContextLoaderUtils detectDefaultConfigurationClasses
INFO: Could not detect default configuration classes for test class [com.kodilla.jdbc.StoredProcTestSuite]: StoredProcTestSuite does not declare any static, non-private, non-final, nested classes annotated with @Configuration.
lut 25, 2019 6:42:53 PM org.springframework.test.context.support.DefaultTestContextBootstrapper getDefaultTestExecutionListenerClassNames
INFO: Loaded default TestExecutionListener class names from location [META-INF/spring.factories]: [org.springframework.boot.test.autoconfigure.restdocs.RestDocsTestExecutionListener, org.springframework.boot.test.autoconfigure.web.client.MockRestServiceServerResetTestExecutionListener, org.springframework.boot.test.autoconfigure.web.servlet.MockMvcPrintOnlyOnFailureTestExecutionListener, org.springframework.boot.test.autoconfigure.web.servlet.WebDriverTestExecutionListener, org.springframework.boot.test.mock.mockito.MockitoTestExecutionListener, org.springframework.boot.test.mock.mockito.ResetMocksTestExecutionListener, org.springframework.test.context.web.ServletTestExecutionListener, org.springframework.test.context.support.DirtiesContextBeforeModesTestExecutionListener, org.springframework.test.context.support.DependencyInjectionTestExecutionListener, org.springframework.test.context.support.DirtiesContextTestExecutionListener, org.springframework.test.context.transaction.TransactionalTestExecutionListener, org.springframework.test.context.jdbc.SqlScriptsTestExecutionListener]
lut 25, 2019 6:42:53 PM org.springframework.test.context.support.DefaultTestContextBootstrapper getTestExecutionListeners
INFO: Using TestExecutionListeners: [org.springframework.test.context.support.DirtiesContextBeforeModesTestExecutionListener@72236a93, org.springframework.boot.test.mock.mockito.MockitoTestExecutionListener@11c69810, org.springframework.test.context.support.DependencyInjectionTestExecutionListener@874ac1, org.springframework.test.context.support.DirtiesContextTestExecutionListener@72d48045, org.springframework.boot.test.autoconfigure.restdocs.RestDocsTestExecutionListener@1b4a0b7e, org.springframework.boot.test.autoconfigure.web.client.MockRestServiceServerResetTestExecutionListener@3e69061f, org.springframework.boot.test.autoconfigure.web.servlet.MockMvcPrintOnlyOnFailureTestExecutionListener@4828251, org.springframework.boot.test.autoconfigure.web.servlet.WebDriverTestExecutionListener@5282ec2c, org.springframework.boot.test.mock.mockito.ResetMocksTestExecutionListener@19580cf9]
lut 25, 2019 6:42:53 PM org.springframework.context.support.GenericApplicationContext prepareRefresh
INFO: Refreshing org.springframework.context.support.GenericApplicationContext@579e4da4: startup date [Mon Feb 25 18:42:53 CET 2019]; root of context hierarchy
]]></system-err>
</testsuite>
