<?xml version="1.0" encoding="UTF-8"?>
<testsuite name="com.kodilla.jdbc.StoredProcTestSuite" tests="2" skipped="0" failures="0" errors="0" timestamp="2019-02-27T19:42:12" hostname="DESKTOP-N7VICJ9" time="0.201">
  <properties/>
  <testcase name="testUpdateBestsellers" classname="com.kodilla.jdbc.StoredProcTestSuite" time="0.134"/>
  <testcase name="testUpdateVipLevels" classname="com.kodilla.jdbc.StoredProcTestSuite" time="0.066"/>
  <system-out><![CDATA[]]></system-out>
  <system-err><![CDATA[lut 27, 2019 8:42:12 PM org.springframework.test.context.support.DefaultTestContextBootstrapper buildDefaultMergedContextConfiguration
INFO: Neither @ContextConfiguration nor @ContextHierarchy found for test class [com.kodilla.jdbc.StoredProcTestSuite], using DelegatingSmartContextLoader
lut 27, 2019 8:42:12 PM org.springframework.test.context.support.AbstractContextLoader generateDefaultLocations
INFO: Could not detect default resource locations for test class [com.kodilla.jdbc.StoredProcTestSuite]: no resource found for suffixes {-context.xml}.
lut 27, 2019 8:42:12 PM org.springframework.test.context.support.AnnotationConfigContextLoaderUtils detectDefaultConfigurationClasses
INFO: Could not detect default configuration classes for test class [com.kodilla.jdbc.StoredProcTestSuite]: StoredProcTestSuite does not declare any static, non-private, non-final, nested classes annotated with @Configuration.
lut 27, 2019 8:42:12 PM org.springframework.test.context.support.DefaultTestContextBootstrapper getDefaultTestExecutionListenerClassNames
INFO: Loaded default TestExecutionListener class names from location [META-INF/spring.factories]: [org.springframework.boot.test.autoconfigure.restdocs.RestDocsTestExecutionListener, org.springframework.boot.test.autoconfigure.web.client.MockRestServiceServerResetTestExecutionListener, org.springframework.boot.test.autoconfigure.web.servlet.MockMvcPrintOnlyOnFailureTestExecutionListener, org.springframework.boot.test.autoconfigure.web.servlet.WebDriverTestExecutionListener, org.springframework.boot.test.mock.mockito.MockitoTestExecutionListener, org.springframework.boot.test.mock.mockito.ResetMocksTestExecutionListener, org.springframework.test.context.web.ServletTestExecutionListener, org.springframework.test.context.support.DirtiesContextBeforeModesTestExecutionListener, org.springframework.test.context.support.DependencyInjectionTestExecutionListener, org.springframework.test.context.support.DirtiesContextTestExecutionListener, org.springframework.test.context.transaction.TransactionalTestExecutionListener, org.springframework.test.context.jdbc.SqlScriptsTestExecutionListener]
lut 27, 2019 8:42:12 PM org.springframework.test.context.support.DefaultTestContextBootstrapper getTestExecutionListeners
INFO: Using TestExecutionListeners: [org.springframework.test.context.support.DirtiesContextBeforeModesTestExecutionListener@4f92080f, org.springframework.boot.test.mock.mockito.MockitoTestExecutionListener@1c3c6e14, org.springframework.test.context.support.DependencyInjectionTestExecutionListener@72bfe3e2, org.springframework.test.context.support.DirtiesContextTestExecutionListener@198072ef, org.springframework.boot.test.autoconfigure.restdocs.RestDocsTestExecutionListener@460dc3a0, org.springframework.boot.test.autoconfigure.web.client.MockRestServiceServerResetTestExecutionListener@39be59bb, org.springframework.boot.test.autoconfigure.web.servlet.MockMvcPrintOnlyOnFailureTestExecutionListener@34930d9d, org.springframework.boot.test.autoconfigure.web.servlet.WebDriverTestExecutionListener@2e1e06ea, org.springframework.boot.test.mock.mockito.ResetMocksTestExecutionListener@6a6d04a]
lut 27, 2019 8:42:12 PM org.springframework.context.support.GenericApplicationContext prepareRefresh
INFO: Refreshing org.springframework.context.support.GenericApplicationContext@37c385c0: startup date [Wed Feb 27 20:42:12 CET 2019]; root of context hierarchy
]]></system-err>
</testsuite>
